<?xml version="1.0" encoding="UTF-8"?>
<testng-results ignored="0" total="4" passed="4" failed="0" skipped="0">
  <reporter-output>
  </reporter-output>
  <suite started-at="2021-10-13T09:41:19Z" name="Suite" finished-at="2021-10-13T09:41:35Z" duration-ms="15710">
    <groups>
    </groups>
    <test started-at="2021-10-13T09:41:19Z" name="Test1" finished-at="2021-10-13T09:41:19Z" duration-ms="60">
      <class name="LoginTest.AppTest">
        <test-method signature="loginTest()[pri:0, instance:LoginTest.AppTest@1187c9e8]" started-at="2021-10-13T09:41:19Z" name="loginTest" description="Login with valid details" finished-at="2021-10-13T09:41:19Z" duration-ms="31" status="PASS">
          <reporter-output>
          </reporter-output>
        </test-method> <!-- loginTest -->
        <test-method signature="loginTest2()[pri:0, instance:LoginTest.AppTest@1187c9e8]" started-at="2021-10-13T09:41:19Z" name="loginTest2" description="Login with invalid details" finished-at="2021-10-13T09:41:19Z" duration-ms="0" status="PASS">
          <reporter-output>
          </reporter-output>
        </test-method> <!-- loginTest2 -->
      </class> <!-- LoginTest.AppTest -->
    </test> <!-- Test1 -->
    <test started-at="2021-10-13T09:41:20Z" name="Test2" finished-at="2021-10-13T09:41:20Z" duration-ms="1">
      <class name="LoginTest.NumberComparison">
        <test-method signature="numberComp()[pri:0, instance:LoginTest.NumberComparison@4032d386]" started-at="2021-10-13T09:41:20Z" name="numberComp" finished-at="2021-10-13T09:41:20Z" duration-ms="0" status="PASS">
          <reporter-output>
          </reporter-output>
        </test-method> <!-- numberComp -->
      </class> <!-- LoginTest.NumberComparison -->
    </test> <!-- Test2 -->
    <test started-at="2021-10-13T09:41:20Z" name="Test3" finished-at="2021-10-13T09:41:35Z" duration-ms="15488">
      <class name="LoginTest.SeleniumDev">
        <test-method is-config="true" signature="beforeTest()[pri:0, instance:LoginTest.SeleniumDev@19e7a160]" started-at="2021-10-13T09:41:20Z" name="beforeTest" finished-at="2021-10-13T09:41:22Z" duration-ms="2792" status="PASS">
          <reporter-output>
          </reporter-output>
        </test-method> <!-- beforeTest -->
        <test-method signature="titleTest()[pri:0, instance:LoginTest.SeleniumDev@19e7a160]" started-at="2021-10-13T09:41:22Z" name="titleTest" finished-at="2021-10-13T09:41:33Z" duration-ms="10325" status="PASS">
          <reporter-output>
          </reporter-output>
        </test-method> <!-- titleTest -->
        <test-method is-config="true" signature="afterTest()[pri:0, instance:LoginTest.SeleniumDev@19e7a160]" started-at="2021-10-13T09:41:33Z" name="afterTest" finished-at="2021-10-13T09:41:35Z" duration-ms="2369" status="PASS">
          <reporter-output>
          </reporter-output>
        </test-method> <!-- afterTest -->
      </class> <!-- LoginTest.SeleniumDev -->
    </test> <!-- Test3 -->
  </suite> <!-- Suite -->
</testng-results>
